2024-05-25T17:21:33.228+03:00  INFO 30964 --- [rest-api-demo] [restartedMain] o.m.restapidemo.RestApiDemoApplication   : Starting RestApiDemoApplication using Java 22.0.1 with PID 30964 (C:\Users\mrtyy\Documents\GitHub\JavaRestAPI-Demo\target\classes started by mrtyy in C:\Users\mrtyy\Documents\GitHub\JavaRestAPI-Demo)
2024-05-25T17:21:33.249+03:00  INFO 30964 --- [rest-api-demo] [restartedMain] o.m.restapidemo.RestApiDemoApplication   : No active profile set, falling back to 1 default profile: "default"
2024-05-25T17:21:33.347+03:00  INFO 30964 --- [rest-api-demo] [restartedMain] o.s.b.devtools.restart.ChangeableUrls    : The Class-Path manifest attribute in C:\Users\mrtyy\.m2\repository\org\glassfish\hk2\hk2\3.0.5\hk2-3.0.5.jar referenced one or more files that do not exist: file:/C:/Users/mrtyy/.m2/repository/org/glassfish/hk2/hk2/3.0.5/hk2-utils.jar,file:/C:/Users/mrtyy/.m2/repository/org/glassfish/hk2/hk2/3.0.5/jakarta.annotation-api.jar,file:/C:/Users/mrtyy/.m2/repository/org/glassfish/hk2/hk2/3.0.5/jakarta.inject-api.jar,file:/C:/Users/mrtyy/.m2/repository/org/glassfish/hk2/hk2/3.0.5/hk2-api.jar,file:/C:/Users/mrtyy/.m2/repository/org/glassfish/hk2/hk2/3.0.5/aopalliance-repackaged.jar,file:/C:/Users/mrtyy/.m2/repository/org/glassfish/hk2/hk2/3.0.5/hk2-core.jar,file:/C:/Users/mrtyy/.m2/repository/org/glassfish/hk2/hk2/3.0.5/hk2-locator.jar,file:/C:/Users/mrtyy/.m2/repository/org/glassfish/hk2/hk2/3.0.5/javassist.jar,file:/C:/Users/mrtyy/.m2/repository/org/glassfish/hk2/hk2/3.0.5/hk2-runlevel.jar,file:/C:/Users/mrtyy/.m2/repository/org/glassfish/hk2/hk2/3.0.5/class-model.jar,file:/C:/Users/mrtyy/.m2/repository/org/glassfish/hk2/hk2/3.0.5/asm.jar,file:/C:/Users/mrtyy/.m2/repository/org/glassfish/hk2/hk2/3.0.5/asm-analysis.jar,file:/C:/Users/mrtyy/.m2/repository/org/glassfish/hk2/hk2/3.0.5/asm-commons.jar,file:/C:/Users/mrtyy/.m2/repository/org/glassfish/hk2/hk2/3.0.5/asm-tree.jar,file:/C:/Users/mrtyy/.m2/repository/org/glassfish/hk2/hk2/3.0.5/asm-util.jar
2024-05-25T17:21:33.348+03:00  INFO 30964 --- [rest-api-demo] [restartedMain] .e.DevToolsPropertyDefaultsPostProcessor : Devtools property defaults active! Set 'spring.devtools.add-properties' to 'false' to disable
2024-05-25T17:21:33.349+03:00  INFO 30964 --- [rest-api-demo] [restartedMain] .e.DevToolsPropertyDefaultsPostProcessor : For additional web related logging consider setting the 'logging.level.web' property to 'DEBUG'
2024-05-25T17:21:34.849+03:00  INFO 30964 --- [rest-api-demo] [restartedMain] .s.d.r.c.RepositoryConfigurationDelegate : Multiple Spring Data modules found, entering strict repository configuration mode
2024-05-25T17:21:34.852+03:00  INFO 30964 --- [rest-api-demo] [restartedMain] .s.d.r.c.RepositoryConfigurationDelegate : Bootstrapping Spring Data JDBC repositories in DEFAULT mode.
2024-05-25T17:21:34.878+03:00  INFO 30964 --- [rest-api-demo] [restartedMain] .s.d.r.c.RepositoryConfigurationDelegate : Finished Spring Data repository scanning in 18 ms. Found 0 JDBC repository interfaces.
2024-05-25T17:21:34.889+03:00  INFO 30964 --- [rest-api-demo] [restartedMain] .s.d.r.c.RepositoryConfigurationDelegate : Multiple Spring Data modules found, entering strict repository configuration mode
2024-05-25T17:21:34.891+03:00  INFO 30964 --- [rest-api-demo] [restartedMain] .s.d.r.c.RepositoryConfigurationDelegate : Bootstrapping Spring Data JPA repositories in DEFAULT mode.
2024-05-25T17:21:34.901+03:00  INFO 30964 --- [rest-api-demo] [restartedMain] .s.d.r.c.RepositoryConfigurationDelegate : Finished Spring Data repository scanning in 2 ms. Found 0 JPA repository interfaces.
2024-05-25T17:21:36.041+03:00  INFO 30964 --- [rest-api-demo] [restartedMain] o.s.b.w.embedded.tomcat.TomcatWebServer  : Tomcat initialized with port 8080 (http)
2024-05-25T17:21:36.063+03:00  INFO 30964 --- [rest-api-demo] [restartedMain] o.apache.catalina.core.StandardService   : Starting service [Tomcat]
2024-05-25T17:21:36.064+03:00  INFO 30964 --- [rest-api-demo] [restartedMain] o.apache.catalina.core.StandardEngine    : Starting Servlet engine: [Apache Tomcat/10.1.19]
2024-05-25T17:21:36.143+03:00  INFO 30964 --- [rest-api-demo] [restartedMain] o.a.c.c.C.[Tomcat].[localhost].[/]       : Initializing Spring embedded WebApplicationContext
2024-05-25T17:21:36.144+03:00  INFO 30964 --- [rest-api-demo] [restartedMain] w.s.c.ServletWebServerApplicationContext : Root WebApplicationContext: initialization completed in 2794 ms
2024-05-25T17:21:36.305+03:00  INFO 30964 --- [rest-api-demo] [restartedMain] com.zaxxer.hikari.HikariDataSource       : HikariPool-1 - Starting...
2024-05-25T17:21:36.631+03:00  INFO 30964 --- [rest-api-demo] [restartedMain] com.zaxxer.hikari.pool.HikariPool        : HikariPool-1 - Added connection conn0: url=jdbc:h2:file:C:/temp/test user=SA
2024-05-25T17:21:36.637+03:00  INFO 30964 --- [rest-api-demo] [restartedMain] com.zaxxer.hikari.HikariDataSource       : HikariPool-1 - Start completed.
2024-05-25T17:21:36.648+03:00  INFO 30964 --- [rest-api-demo] [restartedMain] o.s.b.a.h2.H2ConsoleAutoConfiguration    : H2 console available at '/h2-console'. Database available at 'jdbc:h2:file:C:/temp/test'
2024-05-25T17:21:36.951+03:00  INFO 30964 --- [rest-api-demo] [restartedMain] o.hibernate.jpa.internal.util.LogHelper  : HHH000204: Processing PersistenceUnitInfo [name: default]
2024-05-25T17:21:37.057+03:00  INFO 30964 --- [rest-api-demo] [restartedMain] org.hibernate.Version                    : HHH000412: Hibernate ORM core version 6.4.4.Final
2024-05-25T17:21:37.109+03:00  INFO 30964 --- [rest-api-demo] [restartedMain] o.h.c.internal.RegionFactoryInitiator    : HHH000026: Second-level cache disabled
2024-05-25T17:21:37.502+03:00  INFO 30964 --- [rest-api-demo] [restartedMain] o.s.o.j.p.SpringPersistenceUnitInfo      : No LoadTimeWeaver setup: ignoring JPA class transformer
2024-05-25T17:21:37.606+03:00  WARN 30964 --- [rest-api-demo] [restartedMain] org.hibernate.dialect.Dialect            : HHH000511: The 2.1.210 version for [org.hibernate.dialect.H2Dialect] is no longer supported, hence certain features may not work properly. The minimum supported version is 2.1.214. Check the community dialects project for available legacy versions.
2024-05-25T17:21:38.084+03:00  INFO 30964 --- [rest-api-demo] [restartedMain] o.h.e.t.j.p.i.JtaPlatformInitiator       : HHH000489: No JTA platform available (set 'hibernate.transaction.jta.platform' to enable JTA platform integration)
2024-05-25T17:21:38.094+03:00  INFO 30964 --- [rest-api-demo] [restartedMain] j.LocalContainerEntityManagerFactoryBean : Initialized JPA EntityManagerFactory for persistence unit 'default'
2024-05-25T17:21:38.310+03:00  WARN 30964 --- [rest-api-demo] [restartedMain] JpaBaseConfiguration$JpaWebConfiguration : spring.jpa.open-in-view is enabled by default. Therefore, database queries may be performed during view rendering. Explicitly configure spring.jpa.open-in-view to disable this warning
2024-05-25T17:21:39.345+03:00  INFO 30964 --- [rest-api-demo] [restartedMain] o.s.b.d.a.OptionalLiveReloadServer       : LiveReload server is running on port 35729
2024-05-25T17:21:39.361+03:00  INFO 30964 --- [rest-api-demo] [restartedMain] o.s.b.a.e.web.EndpointLinksResolver      : Exposing 1 endpoint(s) beneath base path '/actuator'
2024-05-25T17:21:39.463+03:00  INFO 30964 --- [rest-api-demo] [restartedMain] o.s.b.w.embedded.tomcat.TomcatWebServer  : Tomcat started on port 8080 (http) with context path ''
2024-05-25T17:21:39.482+03:00  INFO 30964 --- [rest-api-demo] [restartedMain] o.m.restapidemo.RestApiDemoApplication   : Started RestApiDemoApplication in 6.92 seconds (process running for 8.356)
